<?xml version="1.0" encoding="UTF-8"?>
<testng-results skipped="0" failed="1" ignored="0" total="1" passed="0">
  <reporter-output>
  </reporter-output>
  <suite name="Default suite" duration-ms="97677" started-at="2019-08-20T10:32:24 BST" finished-at="2019-08-20T10:34:02 BST">
    <groups>
      <group name="cucumber">
        <method signature="CucmberTestNGRunner.runScenario(cucumber.api.testng.PickleEventWrapper, cucumber.api.testng.CucumberFeatureWrapper)[pri:0, instance:psetest.cucumber.demo.testrunner.CucmberTestNGRunner@26a7b76d]" name="runScenario" class="psetest.cucumber.demo.testrunner.CucmberTestNGRunner"/>
      </group> <!-- cucumber -->
    </groups>
    <test name="Default test" duration-ms="97677" started-at="2019-08-20T10:32:24 BST" finished-at="2019-08-20T10:34:02 BST">
      <class name="psetest.cucumber.demo.testrunner.CucmberTestNGRunner">
        <test-method status="PASS" signature="setUpClass()[pri:0, instance:psetest.cucumber.demo.testrunner.CucmberTestNGRunner@26a7b76d]" name="setUpClass" is-config="true" duration-ms="170" started-at="2019-08-20T10:32:24 BST" finished-at="2019-08-20T10:32:24 BST">
          <reporter-output>
          </reporter-output>
        </test-method> <!-- setUpClass -->
        <test-method status="FAIL" signature="runScenario(cucumber.api.testng.PickleEventWrapper, cucumber.api.testng.CucumberFeatureWrapper)[pri:0, instance:psetest.cucumber.demo.testrunner.CucmberTestNGRunner@26a7b76d]" name="runScenario" duration-ms="97223" started-at="2019-08-20T10:32:25 BST" description="Runs Cucumber Scenarios" data-provider="scenarios" finished-at="2019-08-20T10:34:02 BST">
          <params>
            <param index="0">
              <value>
                <![CDATA["Delayed bag creation"]]>
              </value>
            </param>
            <param index="1">
              <value>
                <![CDATA["Create delayed bag"]]>
              </value>
            </param>
          </params>
          <exception class="org.openqa.selenium.NoSuchElementException">
            <message>
              <![CDATA[no such element: Unable to locate element: {"method":"css selector","selector":"#cfp_ref_number"}
  (Session info: chrome=76.0.3809.100)
For documentation on this error, please visit: http://seleniumhq.org/exceptions/no_such_element.html
Build info: version: '3.141.5', revision: 'd54ebd709a', time: '2018-11-06T11:42:16'
System info: host: 'ANDROID10TESTPC', ip: '10.187.76.70', os.name: 'Windows 10', os.arch: 'amd64', os.version: '10.0', java.version: '1.8.0_191'
Driver info: org.openqa.selenium.chrome.ChromeDriver
Capabilities {acceptInsecureCerts: false, browserName: chrome, browserVersion: 76.0.3809.100, chrome: {chromedriverVersion: 76.0.3809.68 (420c9498db8ce..., userDataDir: C:\Users\ANDROI~1\AppData\L...}, goog:chromeOptions: {debuggerAddress: localhost:59230}, javascriptEnabled: true, networkConnectionEnabled: false, pageLoadStrategy: normal, platform: XP, platformName: XP, proxy: Proxy(), setWindowRect: true, strictFileInteractability: false, timeouts: {implicit: 0, pageLoad: 300000, script: 30000}, unhandledPromptBehavior: dismiss and notify}
Session ID: 62f5965213e5bf9a3682bff3dc670fcf
*** Element info: {Using=id, value=cfp_ref_number}]]>
            </message>
            <full-stacktrace>
              <![CDATA[org.openqa.selenium.NoSuchElementException: no such element: Unable to locate element: {"method":"css selector","selector":"#cfp_ref_number"}
  (Session info: chrome=76.0.3809.100)
For documentation on this error, please visit: http://seleniumhq.org/exceptions/no_such_element.html
Build info: version: '3.141.5', revision: 'd54ebd709a', time: '2018-11-06T11:42:16'
System info: host: 'ANDROID10TESTPC', ip: '10.187.76.70', os.name: 'Windows 10', os.arch: 'amd64', os.version: '10.0', java.version: '1.8.0_191'
Driver info: org.openqa.selenium.chrome.ChromeDriver
Capabilities {acceptInsecureCerts: false, browserName: chrome, browserVersion: 76.0.3809.100, chrome: {chromedriverVersion: 76.0.3809.68 (420c9498db8ce..., userDataDir: C:\Users\ANDROI~1\AppData\L...}, goog:chromeOptions: {debuggerAddress: localhost:59230}, javascriptEnabled: true, networkConnectionEnabled: false, pageLoadStrategy: normal, platform: XP, platformName: XP, proxy: Proxy(), setWindowRect: true, strictFileInteractability: false, timeouts: {implicit: 0, pageLoad: 300000, script: 30000}, unhandledPromptBehavior: dismiss and notify}
Session ID: 62f5965213e5bf9a3682bff3dc670fcf
*** Element info: {Using=id, value=cfp_ref_number}
at sun.reflect.NativeConstructorAccessorImpl.newInstance0(Native Method)
at sun.reflect.NativeConstructorAccessorImpl.newInstance(Unknown Source)
at sun.reflect.DelegatingConstructorAccessorImpl.newInstance(Unknown Source)
at java.lang.reflect.Constructor.newInstance(Unknown Source)
at org.openqa.selenium.remote.http.W3CHttpResponseCodec.createException(W3CHttpResponseCodec.java:187)
at org.openqa.selenium.remote.http.W3CHttpResponseCodec.decode(W3CHttpResponseCodec.java:122)
at org.openqa.selenium.remote.http.W3CHttpResponseCodec.decode(W3CHttpResponseCodec.java:49)
at org.openqa.selenium.remote.HttpCommandExecutor.execute(HttpCommandExecutor.java:158)
at org.openqa.selenium.remote.service.DriverCommandExecutor.execute(DriverCommandExecutor.java:83)
at org.openqa.selenium.remote.RemoteWebDriver.execute(RemoteWebDriver.java:552)
at org.openqa.selenium.remote.RemoteWebDriver.findElement(RemoteWebDriver.java:323)
at org.openqa.selenium.remote.RemoteWebDriver.findElementById(RemoteWebDriver.java:372)
at org.openqa.selenium.By$ById.findElement(By.java:188)
at org.openqa.selenium.remote.RemoteWebDriver.findElement(RemoteWebDriver.java:315)
at org.openqa.selenium.support.pagefactory.DefaultElementLocator.findElement(DefaultElementLocator.java:69)
at org.openqa.selenium.support.pagefactory.internal.LocatingElementHandler.invoke(LocatingElementHandler.java:38)
at com.sun.proxy.$Proxy36.getText(Unknown Source)
at psetest.cucumber.demo.pages.ReviewPage.getConfirmationLabel(ReviewPage.java:41)
at psetest.cucumber.demo.testcases.CreateDelayedBag.printFileReferenceNumber(CreateDelayedBag.java:217)
at ✽.Store the file reference number and print it(src/test/resources/features/DelayedBag.feature:28)
]]>
            </full-stacktrace>
          </exception> <!-- org.openqa.selenium.NoSuchElementException -->
          <reporter-output>
          </reporter-output>
        </test-method> <!-- runScenario -->
        <test-method status="PASS" signature="tearDownClass()[pri:0, instance:psetest.cucumber.demo.testrunner.CucmberTestNGRunner@26a7b76d]" name="tearDownClass" is-config="true" duration-ms="173" started-at="2019-08-20T10:34:02 BST" finished-at="2019-08-20T10:34:02 BST">
          <reporter-output>
          </reporter-output>
        </test-method> <!-- tearDownClass -->
      </class> <!-- psetest.cucumber.demo.testrunner.CucmberTestNGRunner -->
    </test> <!-- Default test -->
  </suite> <!-- Default suite -->
</testng-results>
